2021-01-15 18:40:15.276  INFO 412 --- [restartedMain] com.deng.blog.BlogApplication            : Starting BlogApplication on FX_dengyuying with PID 412 (F:\git-download\blog\blog\target\classes started by XXXXX in F:\git-download\blog\blog)
2021-01-15 18:40:15.279 DEBUG 412 --- [restartedMain] com.deng.blog.BlogApplication            : Running with Spring Boot v2.3.5.RELEASE, Spring v5.2.10.RELEASE
2021-01-15 18:40:15.279  INFO 412 --- [restartedMain] com.deng.blog.BlogApplication            : No active profile set, falling back to default profiles: default
2021-01-15 18:40:16.088  INFO 412 --- [restartedMain] .e.DevToolsPropertyDefaultsPostProcessor : Devtools property defaults active! Set 'spring.devtools.add-properties' to 'false' to disable
2021-01-15 18:40:16.088  INFO 412 --- [restartedMain] .e.DevToolsPropertyDefaultsPostProcessor : For additional web related logging consider setting the 'logging.level.web' property to 'DEBUG'
2021-01-15 18:40:19.670  INFO 412 --- [restartedMain] .s.d.r.c.RepositoryConfigurationDelegate : Bootstrapping Spring Data JPA repositories in DEFERRED mode.
2021-01-15 18:40:20.135  INFO 412 --- [restartedMain] .s.d.r.c.RepositoryConfigurationDelegate : Finished Spring Data repository scanning in 447ms. Found 5 JPA repository interfaces.
2021-01-15 18:40:22.397  INFO 412 --- [restartedMain] o.s.b.w.embedded.tomcat.TomcatWebServer  : Tomcat initialized with port(s): 8080 (http)
2021-01-15 18:40:22.473  INFO 412 --- [restartedMain] o.apache.catalina.core.StandardService   : Starting service [Tomcat]
2021-01-15 18:40:22.473  INFO 412 --- [restartedMain] org.apache.catalina.core.StandardEngine  : Starting Servlet engine: [Apache Tomcat/9.0.39]
2021-01-15 18:40:22.478  INFO 412 --- [restartedMain] o.a.catalina.core.AprLifecycleListener   : Loaded Apache Tomcat Native library [1.2.23] using APR version [1.7.0].
2021-01-15 18:40:22.478  INFO 412 --- [restartedMain] o.a.catalina.core.AprLifecycleListener   : APR capabilities: IPv6 [true], sendfile [true], accept filters [false], random [true].
2021-01-15 18:40:22.478  INFO 412 --- [restartedMain] o.a.catalina.core.AprLifecycleListener   : APR/OpenSSL configuration: useAprConnector [false], useOpenSSL [true]
2021-01-15 18:40:22.566  INFO 412 --- [restartedMain] o.a.catalina.core.AprLifecycleListener   : OpenSSL successfully initialized [OpenSSL 1.1.1c  28 May 2019]
2021-01-15 18:40:22.834  INFO 412 --- [restartedMain] o.a.c.c.C.[Tomcat].[localhost].[/]       : Initializing Spring embedded WebApplicationContext
2021-01-15 18:40:22.834  INFO 412 --- [restartedMain] w.s.c.ServletWebServerApplicationContext : Root WebApplicationContext: initialization completed in 6745 ms
2021-01-15 18:40:23.500  INFO 412 --- [restartedMain] o.s.s.concurrent.ThreadPoolTaskExecutor  : Initializing ExecutorService 'applicationTaskExecutor'
2021-01-15 18:40:23.734  INFO 412 --- [task-1] o.hibernate.jpa.internal.util.LogHelper  : HHH000204: Processing PersistenceUnitInfo [name: default]
2021-01-15 18:40:24.031  INFO 412 --- [task-1] org.hibernate.Version                    : HHH000412: Hibernate ORM core version 5.4.22.Final
2021-01-15 18:40:24.480  WARN 412 --- [restartedMain] JpaBaseConfiguration$JpaWebConfiguration : spring.jpa.open-in-view is enabled by default. Therefore, database queries may be performed during view rendering. Explicitly configure spring.jpa.open-in-view to disable this warning
2021-01-15 18:40:24.597  INFO 412 --- [task-1] o.hibernate.annotations.common.Version   : HCANN000001: Hibernate Commons Annotations {5.1.0.Final}
2021-01-15 18:40:25.203  INFO 412 --- [task-1] com.zaxxer.hikari.HikariDataSource       : HikariPool-1 - Starting...
2021-01-15 18:40:25.386  INFO 412 --- [restartedMain] o.s.b.a.w.s.WelcomePageHandlerMapping    : Adding welcome page template: index
2021-01-15 18:40:27.967  INFO 412 --- [task-1] com.zaxxer.hikari.HikariDataSource       : HikariPool-1 - Start completed.
2021-01-15 18:40:28.455  INFO 412 --- [restartedMain] o.s.b.d.a.OptionalLiveReloadServer       : LiveReload server is running on port 35729
2021-01-15 18:40:28.694  INFO 412 --- [task-1] org.hibernate.dialect.Dialect            : HHH000400: Using dialect: org.hibernate.dialect.MySQL55Dialect
2021-01-15 18:40:28.710  INFO 412 --- [restartedMain] o.s.b.w.embedded.tomcat.TomcatWebServer  : Tomcat started on port(s): 8080 (http) with context path ''
2021-01-15 18:40:28.712  INFO 412 --- [restartedMain] DeferredRepositoryInitializationListener : Triggering deferred initialization of Spring Data repositories‚Ä¶
2021-01-15 18:40:31.716  INFO 412 --- [task-1] o.h.e.t.j.p.i.JtaPlatformInitiator       : HHH000490: Using JtaPlatform implementation: [org.hibernate.engine.transaction.jta.platform.internal.NoJtaPlatform]
2021-01-15 18:40:31.757  INFO 412 --- [task-1] j.LocalContainerEntityManagerFactoryBean : Initialized JPA EntityManagerFactory for persistence unit 'default'
2021-01-15 18:40:32.943  INFO 412 --- [restartedMain] DeferredRepositoryInitializationListener : Spring Data repositories initialized!
2021-01-15 18:40:32.953  INFO 412 --- [restartedMain] com.deng.blog.BlogApplication            : Started BlogApplication in 19.959 seconds (JVM running for 23.517)
2021-01-15 19:01:55.236  INFO 412 --- [SpringContextShutdownHook] j.LocalContainerEntityManagerFactoryBean : Closing JPA EntityManagerFactory for persistence unit 'default'
2021-01-15 19:01:55.239  INFO 412 --- [SpringContextShutdownHook] o.s.s.concurrent.ThreadPoolTaskExecutor  : Shutting down ExecutorService 'applicationTaskExecutor'
2021-01-15 19:01:55.249  INFO 412 --- [SpringContextShutdownHook] com.zaxxer.hikari.HikariDataSource       : HikariPool-1 - Shutdown initiated...
2021-01-15 19:01:55.286  INFO 412 --- [SpringContextShutdownHook] com.zaxxer.hikari.HikariDataSource       : HikariPool-1 - Shutdown completed.
2021-01-15 19:39:27.450  INFO 5744 --- [main] com.deng.blog.BlogApplicationTests       : Starting BlogApplicationTests on FX_dengyuying with PID 5744 (started by XXXXX in F:\git-download\blog\blog)
2021-01-15 19:39:27.451 DEBUG 5744 --- [main] com.deng.blog.BlogApplicationTests       : Running with Spring Boot v2.3.5.RELEASE, Spring v5.2.10.RELEASE
2021-01-15 19:39:27.452  INFO 5744 --- [main] com.deng.blog.BlogApplicationTests       : No active profile set, falling back to default profiles: default
2021-01-15 19:39:28.350  INFO 5744 --- [main] .s.d.r.c.RepositoryConfigurationDelegate : Bootstrapping Spring Data JPA repositories in DEFERRED mode.
2021-01-15 19:39:28.589  INFO 5744 --- [main] .s.d.r.c.RepositoryConfigurationDelegate : Finished Spring Data repository scanning in 228ms. Found 5 JPA repository interfaces.
2021-01-15 19:39:29.507  INFO 5744 --- [main] o.s.s.concurrent.ThreadPoolTaskExecutor  : Initializing ExecutorService 'applicationTaskExecutor'
2021-01-15 19:39:29.605  INFO 5744 --- [task-1] o.hibernate.jpa.internal.util.LogHelper  : HHH000204: Processing PersistenceUnitInfo [name: default]
2021-01-15 19:39:29.681  INFO 5744 --- [task-1] org.hibernate.Version                    : HHH000412: Hibernate ORM core version 5.4.22.Final
2021-01-15 19:39:29.876  INFO 5744 --- [task-1] o.hibernate.annotations.common.Version   : HCANN000001: Hibernate Commons Annotations {5.1.0.Final}
2021-01-15 19:39:30.170  INFO 5744 --- [task-1] com.zaxxer.hikari.HikariDataSource       : HikariPool-1 - Starting...
2021-01-15 19:39:30.479  INFO 5744 --- [task-1] com.zaxxer.hikari.HikariDataSource       : HikariPool-1 - Start completed.
2021-01-15 19:39:30.497  WARN 5744 --- [main] JpaBaseConfiguration$JpaWebConfiguration : spring.jpa.open-in-view is enabled by default. Therefore, database queries may be performed during view rendering. Explicitly configure spring.jpa.open-in-view to disable this warning
2021-01-15 19:39:30.532  INFO 5744 --- [task-1] org.hibernate.dialect.Dialect            : HHH000400: Using dialect: org.hibernate.dialect.MySQL55Dialect
2021-01-15 19:39:31.213  INFO 5744 --- [main] o.s.b.a.w.s.WelcomePageHandlerMapping    : Adding welcome page template: index
2021-01-15 19:39:31.953  INFO 5744 --- [task-1] o.h.e.t.j.p.i.JtaPlatformInitiator       : HHH000490: Using JtaPlatform implementation: [org.hibernate.engine.transaction.jta.platform.internal.NoJtaPlatform]
2021-01-15 19:39:31.963  INFO 5744 --- [task-1] j.LocalContainerEntityManagerFactoryBean : Initialized JPA EntityManagerFactory for persistence unit 'default'
2021-01-15 19:39:32.173  INFO 5744 --- [main] DeferredRepositoryInitializationListener : Triggering deferred initialization of Spring Data repositoriesÅc
2021-01-15 19:39:33.188  INFO 5744 --- [main] DeferredRepositoryInitializationListener : Spring Data repositories initialized!
2021-01-15 19:39:33.197  INFO 5744 --- [main] com.deng.blog.BlogApplicationTests       : Started BlogApplicationTests in 6.15 seconds (JVM running for 7.794)
2021-01-15 19:39:33.345  INFO 5744 --- [SpringContextShutdownHook] j.LocalContainerEntityManagerFactoryBean : Closing JPA EntityManagerFactory for persistence unit 'default'
2021-01-15 19:39:33.348  INFO 5744 --- [SpringContextShutdownHook] o.s.s.concurrent.ThreadPoolTaskExecutor  : Shutting down ExecutorService 'applicationTaskExecutor'
2021-01-15 19:39:33.348  INFO 5744 --- [SpringContextShutdownHook] com.zaxxer.hikari.HikariDataSource       : HikariPool-1 - Shutdown initiated...
2021-01-15 19:39:33.361  INFO 5744 --- [SpringContextShutdownHook] com.zaxxer.hikari.HikariDataSource       : HikariPool-1 - Shutdown completed.
2021-01-15 19:41:59.509  INFO 3884 --- [main] com.deng.blog.BlogApplicationTests       : Starting BlogApplicationTests on FX_dengyuying with PID 3884 (started by XXXXX in F:\git-download\blog\blog)
2021-01-15 19:41:59.510 DEBUG 3884 --- [main] com.deng.blog.BlogApplicationTests       : Running with Spring Boot v2.3.5.RELEASE, Spring v5.2.10.RELEASE
2021-01-15 19:41:59.511  INFO 3884 --- [main] com.deng.blog.BlogApplicationTests       : No active profile set, falling back to default profiles: default
2021-01-15 19:42:00.669  INFO 3884 --- [main] .s.d.r.c.RepositoryConfigurationDelegate : Bootstrapping Spring Data JPA repositories in DEFERRED mode.
2021-01-15 19:42:00.953  INFO 3884 --- [main] .s.d.r.c.RepositoryConfigurationDelegate : Finished Spring Data repository scanning in 257ms. Found 5 JPA repository interfaces.
2021-01-15 19:42:01.894  INFO 3884 --- [main] o.s.s.concurrent.ThreadPoolTaskExecutor  : Initializing ExecutorService 'applicationTaskExecutor'
2021-01-15 19:42:02.012  INFO 3884 --- [task-1] o.hibernate.jpa.internal.util.LogHelper  : HHH000204: Processing PersistenceUnitInfo [name: default]
2021-01-15 19:42:02.072  INFO 3884 --- [task-1] org.hibernate.Version                    : HHH000412: Hibernate ORM core version 5.4.22.Final
2021-01-15 19:42:02.246  INFO 3884 --- [task-1] o.hibernate.annotations.common.Version   : HCANN000001: Hibernate Commons Annotations {5.1.0.Final}
2021-01-15 19:42:02.606  INFO 3884 --- [task-1] com.zaxxer.hikari.HikariDataSource       : HikariPool-1 - Starting...
2021-01-15 19:42:02.892  INFO 3884 --- [task-1] com.zaxxer.hikari.HikariDataSource       : HikariPool-1 - Start completed.
2021-01-15 19:42:02.961  INFO 3884 --- [task-1] org.hibernate.dialect.Dialect            : HHH000400: Using dialect: org.hibernate.dialect.MySQL55Dialect
2021-01-15 19:42:02.972  WARN 3884 --- [main] JpaBaseConfiguration$JpaWebConfiguration : spring.jpa.open-in-view is enabled by default. Therefore, database queries may be performed during view rendering. Explicitly configure spring.jpa.open-in-view to disable this warning
2021-01-15 19:42:03.615  INFO 3884 --- [main] o.s.b.a.w.s.WelcomePageHandlerMapping    : Adding welcome page template: index
2021-01-15 19:42:04.212  INFO 3884 --- [task-1] o.h.e.t.j.p.i.JtaPlatformInitiator       : HHH000490: Using JtaPlatform implementation: [org.hibernate.engine.transaction.jta.platform.internal.NoJtaPlatform]
2021-01-15 19:42:04.222  INFO 3884 --- [task-1] j.LocalContainerEntityManagerFactoryBean : Initialized JPA EntityManagerFactory for persistence unit 'default'
2021-01-15 19:42:04.631  INFO 3884 --- [main] DeferredRepositoryInitializationListener : Triggering deferred initialization of Spring Data repositoriesÅc
2021-01-15 19:42:05.640  INFO 3884 --- [main] DeferredRepositoryInitializationListener : Spring Data repositories initialized!
2021-01-15 19:42:05.649  INFO 3884 --- [main] com.deng.blog.BlogApplicationTests       : Started BlogApplicationTests in 6.594 seconds (JVM running for 7.775)
2021-01-15 19:42:05.790  INFO 3884 --- [SpringContextShutdownHook] j.LocalContainerEntityManagerFactoryBean : Closing JPA EntityManagerFactory for persistence unit 'default'
2021-01-15 19:42:05.792  INFO 3884 --- [SpringContextShutdownHook] o.s.s.concurrent.ThreadPoolTaskExecutor  : Shutting down ExecutorService 'applicationTaskExecutor'
2021-01-15 19:42:05.792  INFO 3884 --- [SpringContextShutdownHook] com.zaxxer.hikari.HikariDataSource       : HikariPool-1 - Shutdown initiated...
2021-01-15 19:42:05.816  INFO 3884 --- [SpringContextShutdownHook] com.zaxxer.hikari.HikariDataSource       : HikariPool-1 - Shutdown completed.
2021-01-15 19:46:20.999  INFO 5728 --- [main] com.deng.blog.BlogApplicationTests       : Starting BlogApplicationTests on FX_dengyuying with PID 5728 (started by XXXXX in F:\git-download\blog\blog)
2021-01-15 19:46:21.000 DEBUG 5728 --- [main] com.deng.blog.BlogApplicationTests       : Running with Spring Boot v2.3.5.RELEASE, Spring v5.2.10.RELEASE
2021-01-15 19:46:21.001  INFO 5728 --- [main] com.deng.blog.BlogApplicationTests       : No active profile set, falling back to default profiles: default
2021-01-15 19:46:21.900  INFO 5728 --- [main] .s.d.r.c.RepositoryConfigurationDelegate : Bootstrapping Spring Data JPA repositories in DEFERRED mode.
2021-01-15 19:46:22.166  INFO 5728 --- [main] .s.d.r.c.RepositoryConfigurationDelegate : Finished Spring Data repository scanning in 255ms. Found 5 JPA repository interfaces.
2021-01-15 19:46:23.056  INFO 5728 --- [main] o.s.s.concurrent.ThreadPoolTaskExecutor  : Initializing ExecutorService 'applicationTaskExecutor'
2021-01-15 19:46:23.149  INFO 5728 --- [task-1] o.hibernate.jpa.internal.util.LogHelper  : HHH000204: Processing PersistenceUnitInfo [name: default]
2021-01-15 19:46:23.206  INFO 5728 --- [task-1] org.hibernate.Version                    : HHH000412: Hibernate ORM core version 5.4.22.Final
2021-01-15 19:46:23.434  INFO 5728 --- [task-1] o.hibernate.annotations.common.Version   : HCANN000001: Hibernate Commons Annotations {5.1.0.Final}
2021-01-15 19:46:23.887  INFO 5728 --- [task-1] com.zaxxer.hikari.HikariDataSource       : HikariPool-1 - Starting...
2021-01-15 19:46:23.904  WARN 5728 --- [main] JpaBaseConfiguration$JpaWebConfiguration : spring.jpa.open-in-view is enabled by default. Therefore, database queries may be performed during view rendering. Explicitly configure spring.jpa.open-in-view to disable this warning
2021-01-15 19:46:24.179  INFO 5728 --- [task-1] com.zaxxer.hikari.HikariDataSource       : HikariPool-1 - Start completed.
2021-01-15 19:46:24.228  INFO 5728 --- [task-1] org.hibernate.dialect.Dialect            : HHH000400: Using dialect: org.hibernate.dialect.MySQL55Dialect
2021-01-15 19:46:24.490  INFO 5728 --- [main] o.s.b.a.w.s.WelcomePageHandlerMapping    : Adding welcome page template: index
2021-01-15 19:46:25.467  INFO 5728 --- [task-1] o.h.e.t.j.p.i.JtaPlatformInitiator       : HHH000490: Using JtaPlatform implementation: [org.hibernate.engine.transaction.jta.platform.internal.NoJtaPlatform]
2021-01-15 19:46:25.477  INFO 5728 --- [task-1] j.LocalContainerEntityManagerFactoryBean : Initialized JPA EntityManagerFactory for persistence unit 'default'
2021-01-15 19:46:25.529  INFO 5728 --- [main] DeferredRepositoryInitializationListener : Triggering deferred initialization of Spring Data repositoriesÅc
2021-01-15 19:46:26.540  INFO 5728 --- [main] DeferredRepositoryInitializationListener : Spring Data repositories initialized!
2021-01-15 19:46:26.548  INFO 5728 --- [main] com.deng.blog.BlogApplicationTests       : Started BlogApplicationTests in 5.926 seconds (JVM running for 6.953)
2021-01-15 19:46:26.705  INFO 5728 --- [SpringContextShutdownHook] j.LocalContainerEntityManagerFactoryBean : Closing JPA EntityManagerFactory for persistence unit 'default'
2021-01-15 19:46:26.709  INFO 5728 --- [SpringContextShutdownHook] o.s.s.concurrent.ThreadPoolTaskExecutor  : Shutting down ExecutorService 'applicationTaskExecutor'
2021-01-15 19:46:26.710  INFO 5728 --- [SpringContextShutdownHook] com.zaxxer.hikari.HikariDataSource       : HikariPool-1 - Shutdown initiated...
2021-01-15 19:46:26.721  INFO 5728 --- [SpringContextShutdownHook] com.zaxxer.hikari.HikariDataSource       : HikariPool-1 - Shutdown completed.
